<?xml version="1.0" encoding="UTF-8"?>
<!-- Generated by org.testng.reporters.JUnitReportReporter -->
<testsuite hostname="HbpSoft" failures="0" tests="1" name="SanityTesting.apollo2_iipsrv" time="1.152" errors="0" timestamp="2024-04-01T12:47:56 IST" skipped="0">
  <testcase classname="SanityTesting.apollo2_iipsrv" name="iipsrv" time="1.152"/>
</testsuite> <!-- SanityTesting.apollo2_iipsrv -->
