<?xml version="1.0" encoding="UTF-8"?>
<!-- Generated by org.testng.reporters.JUnitReportReporter -->
<testsuite hostname="HbpSoft" failures="0" tests="6" name="SanityTesting.AtlasEditor" time="7.635" errors="0" timestamp="2024-02-28T12:17:16 IST" skipped="0">
  <testcase classname="SanityTesting.AtlasEditor" name="appatlas" time="3.535"/>
  <testcase classname="SanityTesting.AtlasEditor" name="Brainviewer" time="0.958"/>
  <testcase classname="SanityTesting.AtlasEditor" name="Contributor" time="0.977"/>
  <testcase classname="SanityTesting.AtlasEditor" name="appannotation" time="1.001"/>
  <testcase classname="SanityTesting.AtlasEditor" name="save" time="0.990"/>
  <testcase classname="SanityTesting.AtlasEditor" name="activity" time="0.174"/>
</testsuite> <!-- SanityTesting.AtlasEditor -->
