<?xml version="1.0" encoding="UTF-8"?>
<!-- Generated by org.testng.reporters.JUnitReportReporter -->
<testsuite hostname="HbpSoft" failures="0" tests="1" name="SanityTesting.apollo2_iipsrv" time="1.073" errors="0" timestamp="2024-03-27T09:58:54 IST" skipped="0">
  <testcase classname="SanityTesting.apollo2_iipsrv" name="iipsrv" time="1.073"/>
</testsuite> <!-- SanityTesting.apollo2_iipsrv -->
