<?xml version="1.0" encoding="UTF-8"?>
<!-- Generated by org.testng.reporters.JUnitReportReporter -->
<testsuite hostname="HbpSoft" failures="0" tests="1" name="SanityTesting.Public_iipsrv_api" time="1.183" errors="0" timestamp="2024-04-01T12:07:35 IST" skipped="0">
  <testcase classname="SanityTesting.Public_iipsrv_api" name="iipsrv" time="1.183"/>
</testsuite> <!-- SanityTesting.Public_iipsrv_api -->
