<?xml version="1.0" encoding="UTF-8"?>
<!-- Generated by org.testng.reporters.JUnitReportReporter -->
<testsuite hostname="HbpSoft" failures="0" tests="1" name="SanityTesting.Apollo3_iipsrv_api" time="31.140" errors="0" timestamp="2024-04-01T12:48:04 IST" skipped="0">
  <testcase classname="SanityTesting.Apollo3_iipsrv_api" name="iipsrv" time="31.140"/>
</testsuite> <!-- SanityTesting.Apollo3_iipsrv_api -->
